2024-02-23T14:18:56.209+02:00  INFO 27808 --- [main] c.e.MicroserviceEnhancedApplication      : Starting MicroserviceEnhancedApplication using Java 17.0.8 with PID 27808 (C:\Users\crme085\Desktop\spring-development\spring-development\enhanced-microservice\target\classes started by crme085 in C:\Users\crme085\Desktop\spring-development\spring-development)
2024-02-23T14:18:56.210+02:00 DEBUG 27808 --- [main] c.e.MicroserviceEnhancedApplication      : Running with Spring Boot v3.1.8, Spring v6.0.16
2024-02-23T14:18:56.211+02:00  INFO 27808 --- [main] c.e.MicroserviceEnhancedApplication      : No active profile set, falling back to 1 default profile: "default"
2024-02-23T14:18:56.985+02:00  INFO 27808 --- [main] .s.d.r.c.RepositoryConfigurationDelegate : Bootstrapping Spring Data JPA repositories in DEFAULT mode.
2024-02-23T14:18:57.069+02:00  INFO 27808 --- [main] .s.d.r.c.RepositoryConfigurationDelegate : Finished Spring Data repository scanning in 69 ms. Found 3 JPA repository interfaces.
2024-02-23T14:18:57.811+02:00  INFO 27808 --- [main] o.s.b.w.embedded.tomcat.TomcatWebServer  : Tomcat initialized with port(s): 8080 (http)
2024-02-23T14:18:57.822+02:00  INFO 27808 --- [main] o.apache.catalina.core.StandardService   : Starting service [Tomcat]
2024-02-23T14:18:57.823+02:00  INFO 27808 --- [main] o.apache.catalina.core.StandardEngine    : Starting Servlet engine: [Apache Tomcat/10.1.18]
2024-02-23T14:18:57.930+02:00  INFO 27808 --- [main] o.a.c.c.C.[Tomcat].[localhost].[/]       : Initializing Spring embedded WebApplicationContext
2024-02-23T14:18:57.930+02:00  INFO 27808 --- [main] w.s.c.ServletWebServerApplicationContext : Root WebApplicationContext: initialization completed in 1665 ms
2024-02-23T14:18:58.034+02:00  INFO 27808 --- [main] com.zaxxer.hikari.HikariDataSource       : HikariPool-1 - Starting...
2024-02-23T14:18:58.250+02:00  INFO 27808 --- [main] com.zaxxer.hikari.pool.HikariPool        : HikariPool-1 - Added connection conn0: url=jdbc:h2:mem:153ffcc7-ab80-44c3-9d2f-bad54a5ad596 user=SA
2024-02-23T14:18:58.252+02:00  INFO 27808 --- [main] com.zaxxer.hikari.HikariDataSource       : HikariPool-1 - Start completed.
2024-02-23T14:18:58.414+02:00  INFO 27808 --- [main] o.hibernate.jpa.internal.util.LogHelper  : HHH000204: Processing PersistenceUnitInfo [name: default]
2024-02-23T14:18:58.487+02:00  INFO 27808 --- [main] org.hibernate.Version                    : HHH000412: Hibernate ORM core version 6.2.20.Final
2024-02-23T14:18:58.490+02:00  INFO 27808 --- [main] org.hibernate.cfg.Environment            : HHH000406: Using bytecode reflection optimizer
2024-02-23T14:18:58.812+02:00  INFO 27808 --- [main] o.s.o.j.p.SpringPersistenceUnitInfo      : No LoadTimeWeaver setup: ignoring JPA class transformer
2024-02-23T14:18:59.732+02:00  INFO 27808 --- [main] o.h.e.t.j.p.i.JtaPlatformInitiator       : HHH000489: No JTA platform available (set 'hibernate.transaction.jta.platform' to enable JTA platform integration)
2024-02-23T14:18:59.736+02:00  INFO 27808 --- [main] j.LocalContainerEntityManagerFactoryBean : Initialized JPA EntityManagerFactory for persistence unit 'default'
2024-02-23T14:19:00.343+02:00  WARN 27808 --- [main] JpaBaseConfiguration$JpaWebConfiguration : spring.jpa.open-in-view is enabled by default. Therefore, database queries may be performed during view rendering. Explicitly configure spring.jpa.open-in-view to disable this warning
2024-02-23T14:19:00.919+02:00  INFO 27808 --- [main] o.s.b.w.embedded.tomcat.TomcatWebServer  : Tomcat started on port(s): 8080 (http) with context path ''
2024-02-23T14:19:00.930+02:00  INFO 27808 --- [main] c.e.MicroserviceEnhancedApplication      : Started MicroserviceEnhancedApplication in 5.144 seconds (process running for 5.885)
2024-02-23T14:19:10.149+02:00  INFO 27808 --- [http-nio-8080-exec-1] o.a.c.c.C.[Tomcat].[localhost].[/]       : Initializing Spring DispatcherServlet 'dispatcherServlet'
2024-02-23T14:19:10.150+02:00  INFO 27808 --- [http-nio-8080-exec-1] o.s.web.servlet.DispatcherServlet        : Initializing Servlet 'dispatcherServlet'
2024-02-23T14:19:10.151+02:00  INFO 27808 --- [http-nio-8080-exec-1] o.s.web.servlet.DispatcherServlet        : Completed initialization in 1 ms
